\BOOKMARK [1][-]{section*.2}{\376\377\144\130\211\201}{}% 1
\BOOKMARK [1][-]{section*.3}{\376\377\121\163\225\056\213\315}{}% 2
\BOOKMARK [1][-]{section*.4}{\376\377\173\054\0001\172\340\000\040\176\352\213\272}{}% 3
\BOOKMARK [2][-]{subsection*.5}{\376\377\0001\000.\0001\000\040\170\024\172\166\200\314\146\157\116\016\141\017\116\111}{section*.4}% 4
\BOOKMARK [2][-]{subsection*.6}{\376\377\0001\000.\0002\000\040\126\375\121\205\131\026\170\024\172\166\163\260\162\266}{section*.4}% 5
\BOOKMARK [2][-]{subsection*.7}{\376\377\0001\000.\0003\000\040\147\054\145\207\170\024\172\166\121\205\133\271}{section*.4}% 6
\BOOKMARK [2][-]{subsection*.8}{\376\377\0001\000.\0004\000\040\147\054\145\207\116\073\211\201\162\171\160\271}{section*.4}% 7
\BOOKMARK [2][-]{subsection*.9}{\376\377\0001\000.\0005\000\040\147\054\145\207\176\323\147\204\133\211\143\222}{section*.4}% 8
\BOOKMARK [1][-]{section*.10}{\376\377\173\054\0002\172\340\000\040\176\277\140\047\143\247\122\066\174\373\176\337\116\016\176\310\172\357\127\213\147\000\117\030\143\247\122\066\225\356\230\230\166\204\145\160\133\146\127\372\170\100}{}% 9
\BOOKMARK [2][-]{subsection*.11}{\376\377\0002\000.\0001\000\040\176\277\140\047\143\247\122\066\174\373\176\337}{section*.10}% 10
\BOOKMARK [2][-]{subsection*.12}{\376\377\0002\000.\0002\000\040\167\351\226\065\143\007\145\160\116\016\174\373\176\337\211\343\121\154\137\017}{section*.10}% 11
\BOOKMARK [2][-]{subsection*.13}{\376\377\0002\000.\0003\000\040\121\101\213\270\143\247\122\066\226\306\116\016\123\357\217\276\226\306}{section*.10}% 12
\BOOKMARK [2][-]{subsection*.14}{\376\377\0002\000.\0004\000\040\145\057\144\221\121\375\145\160}{section*.10}% 13
\BOOKMARK [2][-]{subsection*.15}{\376\377\0002\000.\0005\000\040\147\054\145\207\170\024\172\166\166\204\116\044\116\052\116\073\225\356\230\230}{section*.10}% 14
\BOOKMARK [2][-]{subsection*.16}{\376\377\0002\000.\0006\000\040\147\054\172\340\134\017\176\323}{section*.10}% 15
\BOOKMARK [1][-]{section*.17}{\376\377\173\054\0003\172\340\000\040\176\310\172\357\127\213\176\277\140\047\147\000\117\030\143\247\122\066\225\356\230\230\166\204\147\000\117\030\140\047\147\141\116\366}{}% 16
\BOOKMARK [2][-]{subsection*.18}{\376\377\0003\000.\0001\000\040\147\000\134\017\123\026\225\356\230\230\166\204\176\337\116\000\210\150\217\360}{section*.17}% 17
\BOOKMARK [2][-]{subsection*.19}{\376\377\0003\000.\0002\000\040\000H\000a\000m\000i\000l\000t\000o\000n\000\040\121\375\145\160\116\016\117\064\226\217\145\271\172\013}{section*.17}% 18
\BOOKMARK [2][-]{subsection*.20}{\376\377\0003\000.\0003\000\040\147\000\131\047\120\074\147\141\116\366\116\016\145\057\144\221\121\375\145\160\210\150\171\072}{section*.17}% 19
\BOOKMARK [2][-]{subsection*.21}{\376\377\0003\000.\0004\000\040\116\214\153\041\176\310\172\357\213\357\135\356\225\356\230\230\166\204\176\310\172\357\147\141\116\366}{section*.17}% 20
\BOOKMARK [2][-]{subsection*.22}{\376\377\0003\000.\0005\000\040\176\310\172\357\166\356\150\007\226\306\225\356\230\230\166\204\152\052\142\052\147\141\116\366}{section*.17}% 21
\BOOKMARK [2][-]{subsection*.23}{\376\377\0003\000.\0006\000\040\147\011\226\120\176\364\123\302\145\160\123\026\140\035\140\363}{section*.17}% 22
\BOOKMARK [2][-]{subsection*.24}{\376\377\0003\000.\0007\000\040\147\054\172\340\134\017\176\323}{section*.17}% 23
\BOOKMARK [1][-]{section*.25}{\376\377\173\054\0004\172\340\000\040\127\372\116\216\147\000\131\047\120\074\123\237\164\006\166\204\145\160\120\074\154\102\211\343\145\271\154\325}{}% 24
\BOOKMARK [2][-]{subsection*.26}{\376\377\0004\000.\0001\000\040\145\160\120\074\154\102\211\343\140\073\117\123\140\035\215\357}{section*.25}% 25
\BOOKMARK [2][-]{subsection*.27}{\376\377\0004\000.\0002\000\040\145\366\225\364\171\273\145\143\116\016\213\241\173\227\146\040\134\004}{section*.25}% 26
\BOOKMARK [2][-]{subsection*.28}{\376\377\0004\000.\0003\000\040\116\214\153\041\176\310\172\357\213\357\135\356\225\356\230\230\166\204\153\213\135\356\145\271\172\013}{section*.25}% 27
\BOOKMARK [2][-]{subsection*.29}{\376\377\0004\000.\0004\000\040\176\310\172\357\166\356\150\007\226\306\225\356\230\230\166\204\153\213\135\356\145\271\172\013}{section*.25}% 28
\BOOKMARK [2][-]{subsection*.30}{\376\377\0004\000.\0005\000\040\147\011\226\120\135\356\122\006\000\040\000J\000a\000c\000o\000b\000i\000a\000n\000\040\116\016\232\330\145\257\040\023\162\133\230\177\145\271\124\021}{section*.25}% 29
\BOOKMARK [2][-]{subsection*.31}{\376\377\0004\000.\0006\000\040\000A\000r\000m\000i\000j\000o\000\040\176\277\144\034\175\042\116\016\120\134\153\142\121\306\122\031}{section*.25}% 30
\BOOKMARK [2][-]{subsection*.32}{\376\377\0004\000.\0007\000\040\227\136\121\111\156\321\143\247\122\066\226\306\116\016\121\111\156\321\123\026\131\004\164\006}{section*.25}% 31
\BOOKMARK [2][-]{subsection*.33}{\376\377\0004\000.\0008\000\040\173\227\154\325\000\040\0001\377\032\116\214\153\041\176\310\172\357\213\357\135\356\225\356\230\230}{section*.25}% 32
\BOOKMARK [2][-]{subsection*.34}{\376\377\0004\000.\0009\000\040\173\227\154\325\000\040\0002\377\032\116\377\134\004\176\310\172\357\166\356\150\007\226\306\225\356\230\230}{section*.25}% 33
\BOOKMARK [2][-]{subsection*.35}{\376\377\0004\000.\0001\0000\000\040\147\054\172\340\134\017\176\323}{section*.25}% 34
\BOOKMARK [1][-]{section*.36}{\376\377\173\054\0005\172\340\000\040\145\160\120\074\133\236\232\214\116\016\176\323\147\234\122\006\147\220}{}% 35
\BOOKMARK [2][-]{subsection*.37}{\376\377\0005\000.\0001\000\040\133\236\232\214\213\276\177\156\116\016\213\304\116\367\143\007\150\007}{section*.36}% 36
\BOOKMARK [2][-]{subsection*.38}{\376\377\0005\000.\0002\000\040\172\013\136\217\133\236\163\260\213\364\146\016}{section*.36}% 37
\BOOKMARK [2][-]{subsection*.39}{\376\377\0005\000.\0003\000\040\173\227\117\213\116\000\377\032\116\000\176\364\116\214\153\041\176\310\172\357\213\357\135\356\225\356\230\230}{section*.36}% 38
\BOOKMARK [2][-]{subsection*.40}{\376\377\0005\000.\0004\000\040\173\227\117\213\116\214\377\032\116\214\176\364\176\277\140\047\174\373\176\337\176\310\172\357\215\337\216\052}{section*.36}% 39
\BOOKMARK [2][-]{subsection*.41}{\376\377\0005\000.\0005\000\040\173\227\117\213\116\011\377\032\116\377\134\004\176\310\172\357\166\356\150\007\226\306\176\246\147\137}{section*.36}% 40
\BOOKMARK [2][-]{subsection*.42}{\376\377\0005\000.\0006\000\040\173\227\117\213\126\333\377\032\227\136\121\111\156\321\143\247\122\066\116\016\121\111\156\321\123\026\123\302\145\160\133\371\153\324}{section*.36}% 41
\BOOKMARK [2][-]{subsection*.43}{\376\377\0005\000.\0007\000\040\176\323\147\234\210\150\150\074\116\016\126\376\137\142\176\304\176\307}{section*.36}% 42
\BOOKMARK [2][-]{subsection*.44}{\376\377\0005\000.\0008\000\040\133\236\226\105\217\320\210\114\176\323\147\234\144\130\211\201}{section*.36}% 43
\BOOKMARK [2][-]{subsection*.45}{\376\377\0005\000.\0009\000\040\147\054\172\340\134\017\176\323}{section*.36}% 44
\BOOKMARK [1][-]{section*.46}{\376\377\173\054\0006\172\340\000\040\140\073\176\323\116\016\134\125\147\033}{}% 45
\BOOKMARK [2][-]{subsection*.47}{\376\377\0006\000.\0001\000\040\140\073\176\323}{section*.46}% 46
\BOOKMARK [2][-]{subsection*.48}{\376\377\0006\000.\0002\000\040\134\125\147\033}{section*.46}% 47
\BOOKMARK [1][-]{section*.49}{\376\377\123\302\200\003\145\207\163\056}{}% 48
